<?xml version="1.0" encoding="UTF-8"?>
<!-- Generated by org.testng.reporters.JUnitReportReporter -->
<testsuite hostname="DESKTOP-NAVEEN" name="TestNGDemo.TestNG" tests="3" failures="0" timestamp="9 Sep 2022 16:11:54 GMT" time="0.005" errors="0">
  <testcase name="t312" time="0.005" classname="TestNGDemo.TestNG"/>
  <testcase name="t32" time="0.000" classname="TestNGDemo.TestNG"/>
  <testcase name="tc1" time="0.000" classname="TestNGDemo.TestNG"/>
</testsuite> <!-- TestNGDemo.TestNG -->
