<?xml version="1.0" encoding="UTF-8"?>
<!-- Generated by org.testng.reporters.JUnitReportReporter -->
<testsuite hostname="DESKTOP-J7V7KI8" name="org.com.SamplePriority" tests="6" failures="0" timestamp="30 Mar 2022 17:51:12 GMT" time="0.017" errors="0">
  <testcase name="tc5" time="0.001" classname="org.com.SamplePriority"/>
  <testcase name="tc4" time="0.008" classname="org.com.SamplePriority"/>
  <testcase name="tc3" time="0.001" classname="org.com.SamplePriority"/>
  <testcase name="tc1" time="0.001" classname="org.com.SamplePriority"/>
  <testcase name="tc2" time="0.001" classname="org.com.SamplePriority"/>
  <testcase name="tc6" time="0.005" classname="org.com.SamplePriority"/>
</testsuite> <!-- org.com.SamplePriority -->
