<?xml version="1.0" encoding="UTF-8"?>
<!-- Generated by org.testng.reporters.JUnitReportReporter -->
<testsuite hostname="DESKTOP-NAVEEN" name="org.com.New" tests="1" failures="0" timestamp="21 Aug 2022 08:48:54 GMT" time="0.008" errors="0">
  <testcase name="tc1" time="0.008" classname="org.com.New"/>
</testsuite> <!-- org.com.New -->
