<?xml version="1.0" encoding="UTF-8"?>
<!-- Generated by org.testng.reporters.JUnitReportReporter -->
<testsuite hostname="DESKTOP-9G2HH03" name="org.com.SampleInvocationCount" tests="7" failures="0" timestamp="21 Sep 2022 15:36:05 GMT" time="0.042" errors="0">
  <testcase name="tc1" time="0.002" classname="org.com.SampleInvocationCount"/>
  <testcase name="tc4" time="0.020" classname="org.com.SampleInvocationCount"/>
  <testcase name="tc3" time="0.007" classname="org.com.SampleInvocationCount"/>
  <testcase name="tc3" time="0.002" classname="org.com.SampleInvocationCount"/>
  <testcase name="tc5" time="0.000" classname="org.com.SampleInvocationCount"/>
  <testcase name="tc3" time="0.007" classname="org.com.SampleInvocationCount"/>
  <testcase name="tc2" time="0.004" classname="org.com.SampleInvocationCount"/>
</testsuite> <!-- org.com.SampleInvocationCount -->
