<?xml version="1.0" encoding="UTF-8"?>
<!-- Generated by org.testng.reporters.JUnitReportReporter -->
<testsuite hostname="DESKTOP-J7V7KI8" name="org.com.Sample" tests="3" failures="0" timestamp="30 Mar 2022 17:47:28 GMT" time="0.018" errors="0">
  <testcase name="tc1" time="0.015" classname="org.com.Sample"/>
  <testcase name="tc2" time="0.002" classname="org.com.Sample"/>
  <testcase name="tc3" time="0.001" classname="org.com.Sample"/>
</testsuite> <!-- org.com.Sample -->
