<?xml version="1.0" encoding="UTF-8"?>
<!-- Generated by org.testng.reporters.JUnitReportReporter -->
<testsuite skipped="0" hostname="DESKTOP-9G2HH03" name="org.com.Demo" tests="2" failures="0" timestamp="07 Nov 2022 04:26:01 GMT" time="0.229" errors="0">
  <testcase name="BusinessLogic" time="0.181" classname="org.com.Demo"/>
  <testcase name="report" time="0.048" classname="org.com.Demo"/>
</testsuite> <!-- org.com.Demo -->
