<?xml version="1.0" encoding="UTF-8"?>
<!-- Generated by org.testng.reporters.JUnitReportReporter -->
<testsuite skipped="0" hostname="DESKTOP-9G2HH03" name="org.com.Facebook_Simple_Screenshot_Image" tests="1" failures="0" timestamp="07 Nov 2022 04:00:55 GMT" time="0.255" errors="0">
  <testcase name="tc2" time="0.255" classname="org.com.Facebook_Simple_Screenshot_Image"/>
</testsuite> <!-- org.com.Facebook_Simple_Screenshot_Image -->
