<?xml version="1.0" encoding="UTF-8"?>
<!-- Generated by org.testng.reporters.JUnitReportReporter -->
<testsuite skipped="0" hostname="DESKTOP-9G2HH03" name="org.com.FacebookExtentReport" tests="1" failures="0" timestamp="07 Nov 2022 03:08:17 GMT" time="0.176" errors="0">
  <testcase name="tc2" time="0.176" classname="org.com.FacebookExtentReport"/>
</testsuite> <!-- org.com.FacebookExtentReport -->
