<?xml version="1.0" encoding="UTF-8"?>
<!-- Generated by org.testng.reporters.JUnitReportReporter -->
<testsuite skipped="0" hostname="DESKTOP-9G2HH03" name="org.com.FacebookScreenshot" tests="1" failures="0" timestamp="07 Nov 2022 03:17:52 GMT" time="0.172" errors="0">
  <testcase name="tc2" time="0.172" classname="org.com.FacebookScreenshot"/>
</testsuite> <!-- org.com.FacebookScreenshot -->
