<?xml version="1.0" encoding="UTF-8"?>
<!-- Generated by org.testng.reporters.JUnitReportReporter -->
<testsuite skipped="0" hostname="DESKTOP-9G2HH03" name="org.com.Test3" tests="3" failures="0" timestamp="21 Sep 2022 05:41:39 GMT" time="0.003" errors="0">
  <testcase name="tc3000" time="0.001" classname="org.com.Test3"/>
  <testcase name="tc1000" time="0.002" classname="org.com.Test3"/>
  <testcase name="tc2000" time="0.000" classname="org.com.Test3"/>
</testsuite> <!-- org.com.Test3 -->
