<?xml version="1.0" encoding="UTF-8"?>
<!-- Generated by org.testng.reporters.JUnitReportReporter -->
<testsuite skipped="0" hostname="DESKTOP-9G2HH03" name="org.com.Test2" tests="3" failures="0" timestamp="21 Sep 2022 05:41:39 GMT" time="0.005" errors="0">
  <testcase name="tc300" time="0.003" classname="org.com.Test2"/>
  <testcase name="tc200" time="0.001" classname="org.com.Test2"/>
  <testcase name="tc100" time="0.001" classname="org.com.Test2"/>
</testsuite> <!-- org.com.Test2 -->
