<?xml version="1.0" encoding="UTF-8"?>
<!-- Generated by org.testng.reporters.JUnitReportReporter -->
<testsuite skipped="0" hostname="DESKTOP-9G2HH03" name="org.com.Asert_Test" tests="3" failures="0" timestamp="21 Sep 2022 05:43:10 GMT" time="0.015" errors="0">
  <testcase name="tc1" time="0.008" classname="org.com.Asert_Test"/>
  <testcase name="tc2" time="0.005" classname="org.com.Asert_Test"/>
  <testcase name="tc3" time="0.002" classname="org.com.Asert_Test"/>
</testsuite> <!-- org.com.Asert_Test -->
