<?xml version="1.0" encoding="UTF-8"?>
<!-- Generated by org.testng.reporters.JUnitReportReporter -->
<testsuite skipped="0" hostname="DESKTOP-9G2HH03" name="org.com.Test1" tests="3" failures="0" timestamp="21 Sep 2022 05:41:39 GMT" time="0.006" errors="0">
  <testcase name="tc2" time="0.002" classname="org.com.Test1"/>
  <testcase name="tc1" time="0.001" classname="org.com.Test1"/>
  <testcase name="tc3" time="0.003" classname="org.com.Test1"/>
</testsuite> <!-- org.com.Test1 -->
