<?xml version="1.0" encoding="UTF-8"?>
<!-- Generated by org.testng.reporters.JUnitReportReporter -->
<testsuite skipped="0" hostname="DESKTOP-9G2HH03" name="org.data.Practice1" tests="4" failures="0" timestamp="21 Sep 2022 05:50:36 GMT" time="32.119" errors="0">
  <testcase name="tc" time="8.326" classname="org.data.Practice1"/>
  <testcase name="tc" time="8.910" classname="org.data.Practice1"/>
  <testcase name="tc" time="6.772" classname="org.data.Practice1"/>
  <testcase name="tc" time="8.111" classname="org.data.Practice1"/>
</testsuite> <!-- org.data.Practice1 -->
