<?xml version="1.0" encoding="UTF-8"?>
<!-- Generated by org.testng.reporters.JUnitReportReporter -->
<testsuite skipped="0" hostname="DESKTOP-9G2HH03" name="org.data.Practice" tests="4" failures="0" timestamp="21 Sep 2022 05:48:36 GMT" time="37.361" errors="0">
  <testcase name="tc" time="8.108" classname="org.data.Practice"/>
  <testcase name="tc" time="13.441" classname="org.data.Practice"/>
  <testcase name="tc" time="8.290" classname="org.data.Practice"/>
  <testcase name="tc" time="7.522" classname="org.data.Practice"/>
</testsuite> <!-- org.data.Practice -->
