<?xml version="1.0" encoding="UTF-8"?>
<!-- Generated by org.testng.reporters.JUnitReportReporter -->
<testsuite skipped="0" hostname="DESKTOP-9G2HH03" name="parallelcrossbrowser.Parallel1" tests="2" failures="0" timestamp="21 Sep 2022 08:45:18 GMT" time="133.642" errors="0">
  <testcase name="tc" time="106.051" classname="parallelcrossbrowser.Parallel1"/>
  <testcase name="tc" time="27.591" classname="parallelcrossbrowser.Parallel1"/>
</testsuite> <!-- parallelcrossbrowser.Parallel1 -->
