<?xml version="1.0" encoding="UTF-8"?>
<!-- Generated by org.testng.reporters.JUnitReportReporter -->
<testsuite skipped="0" hostname="DESKTOP-9G2HH03" name="ManuallyRerun.Demo" tests="3" failures="0" timestamp="21 Sep 2022 08:42:33 GMT" time="0.045" errors="0">
  <testcase name="tc3" time="0.003" classname="ManuallyRerun.Demo"/>
  <testcase name="tc2" time="0.002" classname="ManuallyRerun.Demo"/>
  <testcase name="tc1" time="0.040" classname="ManuallyRerun.Demo"/>
</testsuite> <!-- ManuallyRerun.Demo -->
