<?xml version="1.0" encoding="UTF-8"?>
<!-- Generated by org.testng.reporters.JUnitReportReporter -->
<testsuite skipped="0" hostname="DESKTOP-9G2HH03" name="ExtentReport_SureshSDET.Report1" tests="1" failures="0" timestamp="06 Nov 2022 13:48:40 GMT" time="0.001" errors="0">
  <testcase name="failTest" time="0.001" classname="ExtentReport_SureshSDET.Report1"/>
</testsuite> <!-- ExtentReport_SureshSDET.Report1 -->
