<?xml version="1.0" encoding="UTF-8"?>
<!-- Generated by org.testng.reporters.JUnitReportReporter -->
<testsuite skipped="0" hostname="DESKTOP-9G2HH03" name="org.com.Basic" tests="1" failures="0" timestamp="05 Nov 2022 00:17:05 GMT" time="0.224" errors="0">
  <testcase name="tc2" time="0.224" classname="org.com.Basic"/>
</testsuite> <!-- org.com.Basic -->
