<?xml version="1.0" encoding="UTF-8"?>
<!-- Generated by org.testng.reporters.JUnitReportReporter -->
<testsuite skipped="2" hostname="DESKTOP-9G2HH03" name="com.lao.json_path_with_java.RequestSpecification" tests="3" failures="0" timestamp="29 Sep 2022 04:18:30 GMT" time="0.049" errors="1">
  <testcase name="getAnEmployees" time="0.000" classname="com.lao.json_path_with_java.RequestSpecification">
    <skipped/>
  </testcase> <!-- getAnEmployees -->
  <testcase name="setRequestSpecification" time="0.049" classname="com.lao.json_path_with_java.RequestSpecification">
    <error type="java.lang.Error" message="Unresolved compilation problem: 
	The method given() is undefined for the type RequestSpecification
">
      <![CDATA[java.lang.Error: Unresolved compilation problem: 
The method given() is undefined for the type RequestSpecification

at com.lao.json_path_with_java.RequestSpecification.setRequestSpecification(RequestSpecification.java:15)
at sun.reflect.NativeMethodAccessorImpl.invoke0(Native Method)
at sun.reflect.NativeMethodAccessorImpl.invoke(Unknown Source)
at sun.reflect.DelegatingMethodAccessorImpl.invoke(Unknown Source)
at java.lang.reflect.Method.invoke(Unknown Source)
at org.testng.internal.MethodInvocationHelper.invokeMethod(MethodInvocationHelper.java:124)
at org.testng.internal.MethodInvocationHelper.invokeMethodConsideringTimeout(MethodInvocationHelper.java:59)
at org.testng.internal.Invoker.invokeConfigurationMethod(Invoker.java:458)
at org.testng.internal.Invoker.invokeConfigurations(Invoker.java:222)
at org.testng.internal.Invoker.invokeConfigurations(Invoker.java:142)
at org.testng.SuiteRunner.privateRun(SuiteRunner.java:401)
at org.testng.SuiteRunner.run(SuiteRunner.java:364)
at org.testng.SuiteRunnerWorker.runSuite(SuiteRunnerWorker.java:52)
at org.testng.SuiteRunnerWorker.run(SuiteRunnerWorker.java:84)
at org.testng.TestNG.runSuitesSequentially(TestNG.java:1208)
at org.testng.TestNG.runSuitesLocally(TestNG.java:1137)
at org.testng.TestNG.runSuites(TestNG.java:1049)
at org.testng.TestNG.run(TestNG.java:1017)
at org.testng.remote.AbstractRemoteTestNG.run(AbstractRemoteTestNG.java:114)
at org.testng.remote.RemoteTestNG.initAndRun(RemoteTestNG.java:251)
at org.testng.remote.RemoteTestNG.main(RemoteTestNG.java:77)
]]>
    </error>
  </testcase> <!-- setRequestSpecification -->
  <testcase name="getAllEmployees" time="0.000" classname="com.lao.json_path_with_java.RequestSpecification">
    <skipped/>
  </testcase> <!-- getAllEmployees -->
</testsuite> <!-- com.lao.json_path_with_java.RequestSpecification -->
