<?xml version="1.0" encoding="UTF-8"?>
<!-- Generated by org.testng.reporters.JUnitReportReporter -->
<testsuite skipped="2" hostname="DESKTOP-9G2HH03" name="com.lao.json_path_with_java.RequestSpecification" tests="3" failures="0" timestamp="25 Sep 2022 19:17:19 GMT" time="0.007" errors="1">
  <testcase name="getAnEmployees" time="0.000" classname="com.lao.json_path_with_java.RequestSpecification">
    <skipped/>
  </testcase> <!-- getAnEmployees -->
  <testcase name="getAllEmployees" time="0.000" classname="com.lao.json_path_with_java.RequestSpecification">
    <skipped/>
  </testcase> <!-- getAllEmployees -->
  <testcase name="setRequestSpecification" time="0.007" classname="com.lao.json_path_with_java.RequestSpecification">
    <error type="java.lang.Error" message="Unresolved compilation problem: 
	Type mismatch: cannot convert from io.restassured.specification.RequestSpecification to com.lao.json_path_with_java.RequestSpecification
">
      <![CDATA[java.lang.Error: Unresolved compilation problem: 
Type mismatch: cannot convert from io.restassured.specification.RequestSpecification to com.lao.json_path_with_java.RequestSpecification

at com.lao.json_path_with_java.RequestSpecification.setRequestSpecification(RequestSpecification.java:13)
at sun.reflect.NativeMethodAccessorImpl.invoke0(Native Method)
at sun.reflect.NativeMethodAccessorImpl.invoke(Unknown Source)
at sun.reflect.DelegatingMethodAccessorImpl.invoke(Unknown Source)
at java.lang.reflect.Method.invoke(Unknown Source)
at org.testng.internal.MethodInvocationHelper.invokeMethod(MethodInvocationHelper.java:124)
at org.testng.internal.MethodInvocationHelper.invokeMethodConsideringTimeout(MethodInvocationHelper.java:59)
at org.testng.internal.Invoker.invokeConfigurationMethod(Invoker.java:458)
at org.testng.internal.Invoker.invokeConfigurations(Invoker.java:222)
at org.testng.internal.Invoker.invokeConfigurations(Invoker.java:142)
at org.testng.internal.TestMethodWorker.invokeBeforeClassMethods(TestMethodWorker.java:168)
at org.testng.internal.TestMethodWorker.run(TestMethodWorker.java:105)
at org.testng.TestRunner.privateRun(TestRunner.java:648)
at org.testng.TestRunner.run(TestRunner.java:505)
at org.testng.SuiteRunner.runTest(SuiteRunner.java:455)
at org.testng.SuiteRunner.runSequentially(SuiteRunner.java:450)
at org.testng.SuiteRunner.privateRun(SuiteRunner.java:415)
at org.testng.SuiteRunner.run(SuiteRunner.java:364)
at org.testng.SuiteRunnerWorker.runSuite(SuiteRunnerWorker.java:52)
at org.testng.SuiteRunnerWorker.run(SuiteRunnerWorker.java:84)
at org.testng.TestNG.runSuitesSequentially(TestNG.java:1208)
at org.testng.TestNG.runSuitesLocally(TestNG.java:1137)
at org.testng.TestNG.runSuites(TestNG.java:1049)
at org.testng.TestNG.run(TestNG.java:1017)
at org.testng.remote.AbstractRemoteTestNG.run(AbstractRemoteTestNG.java:114)
at org.testng.remote.RemoteTestNG.initAndRun(RemoteTestNG.java:251)
at org.testng.remote.RemoteTestNG.main(RemoteTestNG.java:77)
]]>
    </error>
  </testcase> <!-- setRequestSpecification -->
</testsuite> <!-- com.lao.json_path_with_java.RequestSpecification -->
