<?xml version="1.0" encoding="UTF-8"?>
<!-- Generated by org.testng.reporters.JUnitReportReporter -->
<testsuite skipped="0" hostname="DESKTOP-9G2HH03" name="com.ems.bdd_style.GetAllEmployees" tests="1" failures="0" timestamp="24 Sep 2022 16:59:58 GMT" time="1.329" errors="0">
  <testcase name="getAllEmployees" time="1.329" classname="com.ems.bdd_style.GetAllEmployees"/>
</testsuite> <!-- com.ems.bdd_style.GetAllEmployees -->
