<?xml version="1.0" encoding="UTF-8"?>
<!-- Generated by org.testng.reporters.JUnitReportReporter -->
<testsuite skipped="0" hostname="DESKTOP-9G2HH03" name="co.ems.extraConcepts.Serialization" tests="1" failures="0" timestamp="28 Sep 2022 17:08:30 GMT" time="1.629" errors="0">
  <testcase name="Serial" time="1.629" classname="co.ems.extraConcepts.Serialization"/>
</testsuite> <!-- co.ems.extraConcepts.Serialization -->
