<?xml version="1.0" encoding="UTF-8"?>
<!-- Generated by org.testng.reporters.JUnitReportReporter -->
<testsuite hostname="DESKTOP-J7V7KI8" name="org.com.Demo" tests="3" failures="0" timestamp="1 Apr 2022 04:00:21 GMT" time="0.021" errors="0">
  <testcase name="tc1" time="0.008" classname="org.com.Demo"/>
  <testcase name="tc2" time="0.004" classname="org.com.Demo"/>
  <testcase name="tc3" time="0.009" classname="org.com.Demo"/>
</testsuite> <!-- org.com.Demo -->
