<?xml version="1.0" encoding="UTF-8"?>
<!-- Generated by org.testng.reporters.JUnitReportReporter -->
<testsuite hostname="DESKTOP-J7V7KI8" name="LoginTestCase1.Login" tests="4" failures="0" timestamp="10 Mar 2022 17:28:45 GMT" time="112.752" errors="0">
  <testcase name="loginWithBothCorrect" time="13.317" classname="LoginTestCase1.Login"/>
  <testcase name="loginWithBothCorrect" time="25.099" classname="LoginTestCase1.Login"/>
  <testcase name="loginWithBothCorrect" time="14.000" classname="LoginTestCase1.Login"/>
  <testcase name="loginWithBothCorrect" time="60.336" classname="LoginTestCase1.Login"/>
</testsuite> <!-- LoginTestCase1.Login -->
