<?xml version="1.0" encoding="UTF-8"?>
<!-- Generated by org.testng.reporters.JUnitReportReporter -->
<testsuite hostname="DESKTOP-J7V7KI8" name="learnAutomation.LearnAutomationPractice" tests="3" failures="0" timestamp="9 Mar 2022 09:56:53 GMT" time="0.006" errors="0">
  <testcase name="higherSecondary" time="0.001" classname="learnAutomation.LearnAutomationPractice"/>
  <testcase name="highSchool" time="0.005" classname="learnAutomation.LearnAutomationPractice"/>
  <testcase name="colleg" time="0.000" classname="learnAutomation.LearnAutomationPractice"/>
</testsuite> <!-- learnAutomation.LearnAutomationPractice -->
