<?xml version="1.0" encoding="UTF-8"?>
<!-- Generated by org.testng.reporters.JUnitReportReporter -->
<testsuite hostname="DESKTOP-J7V7KI8" name="practiceOnly.Demo" tests="4" failures="0" timestamp="3 Apr 2022 06:03:08 GMT" time="0.014" errors="0">
  <testcase name="tc1" time="0.011" classname="practiceOnly.Demo"/>
  <testcase name="tc2" time="0.001" classname="practiceOnly.Demo"/>
  <testcase name="tc4" time="0.001" classname="practiceOnly.Demo"/>
  <testcase name="tc3" time="0.001" classname="practiceOnly.Demo"/>
</testsuite> <!-- practiceOnly.Demo -->
