<?xml version="1.0" encoding="UTF-8"?>
<!-- Generated by org.testng.reporters.JUnitReportReporter -->
<testsuite skipped="0" hostname="DESKTOP-9G2HH03" name="TestNGGreensPracticeSet_04.Flipkart" tests="1" failures="0" timestamp="19 Oct 2022 04:03:00 GMT" time="13.145" errors="0">
  <testcase name="tc1" time="13.145" classname="TestNGGreensPracticeSet_04.Flipkart"/>
</testsuite> <!-- TestNGGreensPracticeSet_04.Flipkart -->
