<?xml version="1.0" encoding="UTF-8"?>
<!-- Generated by org.testng.reporters.JUnitReportReporter -->
<testsuite skipped="0" hostname="DESKTOP-9G2HH03" name="TestNGGreensPracticeSet.TestNGExe1" tests="1" failures="0" timestamp="19 Oct 2022 00:07:27 GMT" time="0.306" errors="0">
  <testcase name="Facebook" time="0.306" classname="TestNGGreensPracticeSet.TestNGExe1"/>
</testsuite> <!-- TestNGGreensPracticeSet.TestNGExe1 -->
