<?xml version="1.0" encoding="UTF-8"?>
<!-- Generated by org.testng.reporters.JUnitReportReporter -->
<testsuite skipped="0" hostname="DESKTOP-9G2HH03" name="TestNGGreensPracticeSet_11.Facebook2" tests="3" failures="0" timestamp="19 Oct 2022 04:51:00 GMT" time="0.447" errors="0">
  <testcase name="Facebook" time="0.174" classname="TestNGGreensPracticeSet_11.Facebook2"/>
  <testcase name="Facebook1" time="0.159" classname="TestNGGreensPracticeSet_11.Facebook2"/>
  <testcase name="Facebook3" time="0.114" classname="TestNGGreensPracticeSet_11.Facebook2"/>
</testsuite> <!-- TestNGGreensPracticeSet_11.Facebook2 -->
