<?xml version="1.0" encoding="UTF-8"?>
<!-- Generated by org.testng.reporters.JUnitReportReporter -->
<testsuite skipped="0" hostname="DESKTOP-9G2HH03" name="TestNGGreensPracticeSet_11.Facebook1" tests="2" failures="0" timestamp="19 Oct 2022 04:51:00 GMT" time="0.381" errors="0">
  <testcase name="Facebook3" time="0.163" classname="TestNGGreensPracticeSet_11.Facebook1"/>
  <testcase name="Facebook" time="0.218" classname="TestNGGreensPracticeSet_11.Facebook1"/>
</testsuite> <!-- TestNGGreensPracticeSet_11.Facebook1 -->
