<?xml version="1.0" encoding="UTF-8"?>
<!-- Generated by org.testng.reporters.JUnitReportReporter -->
<testsuite skipped="0" hostname="DESKTOP-9G2HH03" name="TestNGGreensPracticeSet_06.Flikart_Day" tests="3" failures="0" timestamp="19 Oct 2022 04:42:21 GMT" time="34.602" errors="0">
  <testcase name="tc" time="11.856" classname="TestNGGreensPracticeSet_06.Flikart_Day"/>
  <testcase name="tc" time="12.249" classname="TestNGGreensPracticeSet_06.Flikart_Day"/>
  <testcase name="tc" time="10.497" classname="TestNGGreensPracticeSet_06.Flikart_Day"/>
</testsuite> <!-- TestNGGreensPracticeSet_06.Flikart_Day -->
