<?xml version="1.0" encoding="UTF-8"?>
<!-- Generated by org.testng.reporters.JUnitReportReporter -->
<testsuite skipped="0" hostname="DESKTOP-9G2HH03" name="TestNGGreensPracticeSet_07.Flikart" tests="3" failures="0" timestamp="19 Oct 2022 04:39:36 GMT" time="53.708" errors="0">
  <testcase name="tc" time="16.126" classname="TestNGGreensPracticeSet_07.Flikart"/>
  <testcase name="tc" time="29.742" classname="TestNGGreensPracticeSet_07.Flikart"/>
  <testcase name="tc" time="7.840" classname="TestNGGreensPracticeSet_07.Flikart"/>
</testsuite> <!-- TestNGGreensPracticeSet_07.Flikart -->
