<?xml version="1.0" encoding="UTF-8"?>
<!-- Generated by org.testng.reporters.JUnitReportReporter -->
<testsuite hostname="DESKTOP-9G2HH03" name="suiteLevelBrowser.SampleOptional" tests="1" failures="0" timestamp="6 Oct 2022 10:27:29 GMT" time="16.918" errors="0">
  <testcase name="tc1" time="16.918" classname="suiteLevelBrowser.SampleOptional"/>
</testsuite> <!-- suiteLevelBrowser.SampleOptional -->
