<?xml version="1.0" encoding="UTF-8"?>
<!-- Generated by org.testng.reporters.JUnitReportReporter -->
<testsuite hostname="DESKTOP-J7V7KI8" name="parallelBrowserTesting.Parallel1" tests="2" failures="0" timestamp="30 Mar 2022 04:49:01 GMT" time="41.961" errors="0">
  <testcase name="tc" time="32.510" classname="parallelBrowserTesting.Parallel1"/>
  <testcase name="tc" time="9.451" classname="parallelBrowserTesting.Parallel1"/>
</testsuite> <!-- parallelBrowserTesting.Parallel1 -->
