<?xml version="1.0" encoding="UTF-8"?>
<!-- Generated by org.testng.reporters.JUnitReportReporter -->
<testsuite hostname="DESKTOP-9G2HH03" name="parallelBrowserTesting.Parallel1" tests="2" failures="0" timestamp="21 Sep 2022 12:21:15 GMT" time="36.788" errors="0">
  <testcase name="tc" time="17.874" classname="parallelBrowserTesting.Parallel1"/>
  <testcase name="tc" time="18.914" classname="parallelBrowserTesting.Parallel1"/>
</testsuite> <!-- parallelBrowserTesting.Parallel1 -->
