<?xml version="1.0" encoding="UTF-8"?>
<!-- Generated by org.testng.reporters.JUnitReportReporter -->
<testsuite hostname="DESKTOP-9G2HH03" name="testngDataProvider.Practice" tests="4" failures="0" timestamp="21 Sep 2022 12:23:06 GMT" time="56.124" errors="0">
  <testcase name="tc" time="11.661" classname="testngDataProvider.Practice"/>
  <testcase name="tc" time="11.522" classname="testngDataProvider.Practice"/>
  <testcase name="tc" time="13.968" classname="testngDataProvider.Practice"/>
  <testcase name="tc" time="18.973" classname="testngDataProvider.Practice"/>
</testsuite> <!-- testngDataProvider.Practice -->
