<?xml version="1.0" encoding="UTF-8"?>
<!-- Generated by org.testng.reporters.JUnitReportReporter -->
<testsuite hostname="DESKTOP-9G2HH03" name="testngDataProvider.Practice" tests="4" failures="0" timestamp="21 Sep 2022 09:11:46 GMT" time="92.331" errors="0">
  <testcase name="tc" time="22.781" classname="testngDataProvider.Practice"/>
  <testcase name="tc" time="21.527" classname="testngDataProvider.Practice"/>
  <testcase name="tc" time="26.630" classname="testngDataProvider.Practice"/>
  <testcase name="tc" time="21.393" classname="testngDataProvider.Practice"/>
</testsuite> <!-- testngDataProvider.Practice -->
