<?xml version="1.0" encoding="UTF-8"?>
<!-- Generated by org.testng.reporters.JUnitReportReporter -->
<testsuite hostname="DESKTOP-9G2HH03" name="testngDataProvider.ParallelExecution" tests="3" failures="0" timestamp="21 Sep 2022 12:22:02 GMT" time="0.015" errors="0">
  <testcase name="tc1" time="0.007" classname="testngDataProvider.ParallelExecution"/>
  <testcase name="tc2" time="0.005" classname="testngDataProvider.ParallelExecution"/>
  <testcase name="tc3" time="0.003" classname="testngDataProvider.ParallelExecution"/>
</testsuite> <!-- testngDataProvider.ParallelExecution -->
