<?xml version="1.0" encoding="UTF-8"?>
<!-- Generated by org.testng.reporters.JUnitReportReporter -->
<testsuite hostname="DESKTOP-J7V7KI8" name="org.com.Grouping1" tests="2" failures="0" timestamp="30 Mar 2022 05:22:11 GMT" time="0.015" errors="0">
  <testcase name="tc100" time="0.013" classname="org.com.Grouping1"/>
  <testcase name="tc300" time="0.002" classname="org.com.Grouping1"/>
</testsuite> <!-- org.com.Grouping1 -->
