<?xml version="1.0" encoding="UTF-8"?>
<!-- Generated by org.testng.reporters.JUnitReportReporter -->
<testsuite hostname="DESKTOP-J7V7KI8" name="org.com.Groupig2" tests="2" failures="0" timestamp="30 Mar 2022 05:22:11 GMT" time="0.003" errors="0">
  <testcase name="tC2000" time="0.002" classname="org.com.Groupig2"/>
  <testcase name="tc3000" time="0.001" classname="org.com.Groupig2"/>
</testsuite> <!-- org.com.Groupig2 -->
